<?xml version="1.0" encoding="UTF-8"?>
<!-- Generated by org.testng.reporters.JUnitXMLReporter -->
<testsuite ignored="0" hostname="AMIT_PC" failures="0" tests="11" name="Test1" time="36.132" errors="0" timestamp="2025-03-02T10:28:47 IST">
  <testcase classname="com.qa.testcases.TS001" name="TS001_TC001" time="3.939"/>
  <testcase classname="com.qa.testcases.TS001" name="TS001_TC002" time="2.22"/>
  <testcase classname="com.qa.testcases.TS001" name="TS001_TC002" time="1.821"/>
  <testcase classname="com.qa.testcases.TS001" name="TS001_TC002" time="1.579"/>
  <testcase classname="com.qa.testcases.TS001" name="TS001_TC002" time="1.463"/>
  <testcase classname="com.qa.testcases.TS001" name="TS001_TC003" time="2.923"/>
  <testcase classname="com.qa.testcases.TS001" name="TS001_TC004" time="3.523"/>
  <testcase classname="com.qa.testcases.TS001" name="TS001_TC005" time="1.685"/>
  <testcase classname="com.qa.testcases.TS001" name="TS001_TC005" time="1.582"/>
  <testcase classname="com.qa.testcases.TS001" name="TS001_TC005" time="1.247"/>
  <testcase classname="com.qa.testcases.TS001" name="TS001_TC005" time="1.343"/>
</testsuite> <!-- Test1 -->
