<?xml version="1.0" encoding="UTF-8"?>
<!-- Generated by org.testng.reporters.JUnitXMLReporter -->
<testsuite ignored="0" hostname="AMIT_PC" failures="0" tests="11" name="Test" time="60.357" errors="0" timestamp="2025-02-23T23:37:21 IST">
  <testcase classname="com.qa.testcases.TS001" name="TS001_TC001" time="3.749"/>
  <testcase classname="com.qa.testcases.TS001" name="TS001_TC002" time="2.609"/>
  <testcase classname="com.qa.testcases.TS001" name="TS001_TC002" time="2.796"/>
  <testcase classname="com.qa.testcases.TS001" name="TS001_TC002" time="4.493"/>
  <testcase classname="com.qa.testcases.TS001" name="TS001_TC002" time="2.48"/>
  <testcase classname="com.qa.testcases.TS001" name="TS001_TC003" time="2.411"/>
  <testcase classname="com.qa.testcases.TS001" name="TS001_TC004" time="22.132"/>
  <testcase classname="com.qa.testcases.TS001" name="TS001_TC005" time="1.957"/>
  <testcase classname="com.qa.testcases.TS001" name="TS001_TC005" time="1.756"/>
  <testcase classname="com.qa.testcases.TS001" name="TS001_TC005" time="1.609"/>
  <testcase classname="com.qa.testcases.TS001" name="TS001_TC005" time="1.778"/>
</testsuite> <!-- Test -->
