<?xml version="1.0" encoding="UTF-8"?>
<!-- Generated by org.testng.reporters.JUnitXMLReporter -->
<testsuite ignored="0" hostname="AMIT_PC" failures="0" tests="11" name="Test1" time="78.355" errors="0" timestamp="2025-04-05T14:43:49 IST">
  <testcase classname="com.qa.testcases.TS001" name="TS001_TC001" time="10.334"/>
  <testcase classname="com.qa.testcases.TS001" name="TS001_TC002" time="7.427"/>
  <testcase classname="com.qa.testcases.TS001" name="TS001_TC002" time="3.304"/>
  <testcase classname="com.qa.testcases.TS001" name="TS001_TC002" time="1.742"/>
  <testcase classname="com.qa.testcases.TS001" name="TS001_TC002" time="1.744"/>
  <testcase classname="com.qa.testcases.TS001" name="TS001_TC003" time="2.532"/>
  <testcase classname="com.qa.testcases.TS001" name="TS001_TC004" time="3.761"/>
  <testcase classname="com.qa.testcases.TS001" name="TS001_TC005" time="2.321"/>
  <testcase classname="com.qa.testcases.TS001" name="TS001_TC005" time="3.743"/>
  <testcase classname="com.qa.testcases.TS001" name="TS001_TC005" time="3.849"/>
  <testcase classname="com.qa.testcases.TS001" name="TS001_TC005" time="3.51"/>
</testsuite> <!-- Test1 -->
