<?xml version="1.0" encoding="UTF-8"?>
<testsuite xmlns:xsi="http://www.w3.org/2001/XMLSchema-instance" xsi:noNamespaceSchemaLocation="https://maven.apache.org/surefire/maven-surefire-plugin/xsd/surefire-test-report.xsd" name="TestSuite" time="200.506" tests="22" errors="0" skipped="0" failures="4">
  <properties>
[...]
</properties>
  <testcase name="TS001_TC001" classname="com.qa.testcases.TS001" time="6.404"/>
  <testcase name="TS001_TC001" classname="com.qa.testcases.TS001" time="7.451"/>
  <testcase name="TS001_TC002" classname="com.qa.testcases.TS001" time="7.427"/>
  <testcase name="TS001_TC002" classname="com.qa.testcases.TS001" time="3.305"/>
  <testcase name="TS001_TC002" classname="com.qa.testcases.TS001" time="1.741"/>
  <testcase name="TS001_TC002" classname="com.qa.testcases.TS001" time="1.745"/>
  <testcase name="TS001_TC002" classname="com.qa.testcases.TS001" time="3.92">
    <failure message="Unable to locate element: //*[@id=&apos;password-error&apos;]&#10;For documentation on this error, please visit: https://www.selenium.dev/documentation/webdriver/troubleshooting/errors#no-such-element-exception&#10;Build info: version: &apos;4.27.0&apos;, revision: &apos;d6e718d134&apos;&#10;System info: os.name: &apos;Windows 11&apos;, os.arch: &apos;amd64&apos;, os.version: &apos;10.0&apos;, java.version: &apos;23.0.1&apos;&#10;Driver info: org.openqa.selenium.remote.RemoteWebDriver&#10;Command: [88e90c84-2f17-4faf-8068-e99ea6cf57e7, findElement {using=xpath, value=//*[@id=&apos;password-error&apos;]}]&#10;Capabilities {acceptInsecureCerts: false, browserName: firefox, browserVersion: 135.0.1, container:hostname: a6cbf506bbff, moz:accessibilityChecks: false, moz:buildID: 20250216192613, moz:geckodriverVersion: 0.35.0, moz:headless: false, moz:platformVersion: 5.15.167.4-microsoft-standa..., moz:processID: 185, moz:profile: /tmp/rust_mozprofileG1vZ7Q, moz:shutdownTimeout: 60000, moz:webdriverClick: true, moz:windowless: false, pageLoadStrategy: normal, platformName: linux, proxy: Proxy(), se:bidiEnabled: false, se:cdp: ws://172.21.0.3:4444/sessio..., se:containerName: a6cbf506bbff, se:noVncPort: 7900, se:vnc: ws://172.21.0.3:4444/sessio..., se:vncEnabled: true, se:vncLocalAddress: ws://172.21.0.3:7900, setWindowRect: true, strictFileInteractability: false, timeouts: {implicit: 0, pageLoad: 300000, script: 30000}, unhandledPromptBehavior: dismiss and notify, userAgent: Mozilla/5.0 (X11; Linux x86...}&#10;Session ID: 88e90c84-2f17-4faf-8068-e99ea6cf57e7" type="org.openqa.selenium.NoSuchElementException">org.openqa.selenium.NoSuchElementException: 
Unable to locate element: //*[@id='password-error']
For documentation on this error, please visit: https://www.selenium.dev/documentation/webdriver/troubleshooting/errors#no-such-element-exception
Build info: version: '4.27.0', revision: 'd6e718d134'
System info: os.name: 'Windows 11', os.arch: 'amd64', os.version: '10.0', java.version: '23.0.1'
Driver info: org.openqa.selenium.remote.RemoteWebDriver
Command: [88e90c84-2f17-4faf-8068-e99ea6cf57e7, findElement {using=xpath, value=//*[@id='password-error']}]
Capabilities {acceptInsecureCerts: false, browserName: firefox, browserVersion: 135.0.1, container:hostname: a6cbf506bbff, moz:accessibilityChecks: false, moz:buildID: 20250216192613, moz:geckodriverVersion: 0.35.0, moz:headless: false, moz:platformVersion: 5.15.167.4-microsoft-standa..., moz:processID: 185, moz:profile: /tmp/rust_mozprofileG1vZ7Q, moz:shutdownTimeout: 60000, moz:webdriverClick: true, moz:windowless: false, pageLoadStrategy: normal, platformName: linux, proxy: Proxy(), se:bidiEnabled: false, se:cdp: ws://172.21.0.3:4444/sessio..., se:containerName: a6cbf506bbff, se:noVncPort: 7900, se:vnc: ws://172.21.0.3:4444/sessio..., se:vncEnabled: true, se:vncLocalAddress: ws://172.21.0.3:7900, setWindowRect: true, strictFileInteractability: false, timeouts: {implicit: 0, pageLoad: 300000, script: 30000}, unhandledPromptBehavior: dismiss and notify, userAgent: Mozilla/5.0 (X11; Linux x86...}
Session ID: 88e90c84-2f17-4faf-8068-e99ea6cf57e7
	at com.qa.testcases.TS001.TS001_TC002(TS001.java:72)
</failure>
    <system-out><![CDATA[Date = 05_04_2025_14_43_49
After Test Thread ID: 37
]]></system-out>
  </testcase>
  <testcase name="TS001_TC002" classname="com.qa.testcases.TS001" time="32.306">
    <failure message="Unable to locate element: //*[@id=&apos;password-error&apos;]&#10;For documentation on this error, please visit: https://www.selenium.dev/documentation/webdriver/troubleshooting/errors#no-such-element-exception&#10;Build info: version: &apos;4.27.0&apos;, revision: &apos;d6e718d134&apos;&#10;System info: os.name: &apos;Windows 11&apos;, os.arch: &apos;amd64&apos;, os.version: &apos;10.0&apos;, java.version: &apos;23.0.1&apos;&#10;Driver info: org.openqa.selenium.remote.RemoteWebDriver&#10;Command: [88e90c84-2f17-4faf-8068-e99ea6cf57e7, findElement {using=xpath, value=//*[@id=&apos;password-error&apos;]}]&#10;Capabilities {acceptInsecureCerts: false, browserName: firefox, browserVersion: 135.0.1, container:hostname: a6cbf506bbff, moz:accessibilityChecks: false, moz:buildID: 20250216192613, moz:geckodriverVersion: 0.35.0, moz:headless: false, moz:platformVersion: 5.15.167.4-microsoft-standa..., moz:processID: 185, moz:profile: /tmp/rust_mozprofileG1vZ7Q, moz:shutdownTimeout: 60000, moz:webdriverClick: true, moz:windowless: false, pageLoadStrategy: normal, platformName: linux, proxy: Proxy(), se:bidiEnabled: false, se:cdp: ws://172.21.0.3:4444/sessio..., se:containerName: a6cbf506bbff, se:noVncPort: 7900, se:vnc: ws://172.21.0.3:4444/sessio..., se:vncEnabled: true, se:vncLocalAddress: ws://172.21.0.3:7900, setWindowRect: true, strictFileInteractability: false, timeouts: {implicit: 0, pageLoad: 300000, script: 30000}, unhandledPromptBehavior: dismiss and notify, userAgent: Mozilla/5.0 (X11; Linux x86...}&#10;Session ID: 88e90c84-2f17-4faf-8068-e99ea6cf57e7" type="org.openqa.selenium.NoSuchElementException">org.openqa.selenium.NoSuchElementException: 
Unable to locate element: //*[@id='password-error']
For documentation on this error, please visit: https://www.selenium.dev/documentation/webdriver/troubleshooting/errors#no-such-element-exception
Build info: version: '4.27.0', revision: 'd6e718d134'
System info: os.name: 'Windows 11', os.arch: 'amd64', os.version: '10.0', java.version: '23.0.1'
Driver info: org.openqa.selenium.remote.RemoteWebDriver
Command: [88e90c84-2f17-4faf-8068-e99ea6cf57e7, findElement {using=xpath, value=//*[@id='password-error']}]
Capabilities {acceptInsecureCerts: false, browserName: firefox, browserVersion: 135.0.1, container:hostname: a6cbf506bbff, moz:accessibilityChecks: false, moz:buildID: 20250216192613, moz:geckodriverVersion: 0.35.0, moz:headless: false, moz:platformVersion: 5.15.167.4-microsoft-standa..., moz:processID: 185, moz:profile: /tmp/rust_mozprofileG1vZ7Q, moz:shutdownTimeout: 60000, moz:webdriverClick: true, moz:windowless: false, pageLoadStrategy: normal, platformName: linux, proxy: Proxy(), se:bidiEnabled: false, se:cdp: ws://172.21.0.3:4444/sessio..., se:containerName: a6cbf506bbff, se:noVncPort: 7900, se:vnc: ws://172.21.0.3:4444/sessio..., se:vncEnabled: true, se:vncLocalAddress: ws://172.21.0.3:7900, setWindowRect: true, strictFileInteractability: false, timeouts: {implicit: 0, pageLoad: 300000, script: 30000}, unhandledPromptBehavior: dismiss and notify, userAgent: Mozilla/5.0 (X11; Linux x86...}
Session ID: 88e90c84-2f17-4faf-8068-e99ea6cf57e7
	at com.qa.testcases.TS001.TS001_TC002(TS001.java:72)
</failure>
    <system-out><![CDATA[The thread ID for Firefox is 38
Date = 05_04_2025_14_44_21
]]></system-out>
  </testcase>
  <testcase name="TS001_TC002" classname="com.qa.testcases.TS001" time="40.116">
    <failure message="Navigation timed out after 40000 ms&#10;Build info: version: &apos;4.27.0&apos;, revision: &apos;d6e718d134&apos;&#10;System info: os.name: &apos;Windows 11&apos;, os.arch: &apos;amd64&apos;, os.version: &apos;10.0&apos;, java.version: &apos;23.0.1&apos;&#10;Driver info: org.openqa.selenium.remote.RemoteWebDriver&#10;Command: [88e90c84-2f17-4faf-8068-e99ea6cf57e7, get {url=https://magento.softwaretestingboard.com/customer/account/create/}]&#10;Capabilities {acceptInsecureCerts: false, browserName: firefox, browserVersion: 135.0.1, container:hostname: a6cbf506bbff, moz:accessibilityChecks: false, moz:buildID: 20250216192613, moz:geckodriverVersion: 0.35.0, moz:headless: false, moz:platformVersion: 5.15.167.4-microsoft-standa..., moz:processID: 185, moz:profile: /tmp/rust_mozprofileG1vZ7Q, moz:shutdownTimeout: 60000, moz:webdriverClick: true, moz:windowless: false, pageLoadStrategy: normal, platformName: linux, proxy: Proxy(), se:bidiEnabled: false, se:cdp: ws://172.21.0.3:4444/sessio..., se:containerName: a6cbf506bbff, se:noVncPort: 7900, se:vnc: ws://172.21.0.3:4444/sessio..., se:vncEnabled: true, se:vncLocalAddress: ws://172.21.0.3:7900, setWindowRect: true, strictFileInteractability: false, timeouts: {implicit: 0, pageLoad: 300000, script: 30000}, unhandledPromptBehavior: dismiss and notify, userAgent: Mozilla/5.0 (X11; Linux x86...}&#10;Session ID: 88e90c84-2f17-4faf-8068-e99ea6cf57e7" type="org.openqa.selenium.TimeoutException">org.openqa.selenium.TimeoutException: 
Navigation timed out after 40000 ms
Build info: version: '4.27.0', revision: 'd6e718d134'
System info: os.name: 'Windows 11', os.arch: 'amd64', os.version: '10.0', java.version: '23.0.1'
Driver info: org.openqa.selenium.remote.RemoteWebDriver
Command: [88e90c84-2f17-4faf-8068-e99ea6cf57e7, get {url=https://magento.softwaretestingboard.com/customer/account/create/}]
Capabilities {acceptInsecureCerts: false, browserName: firefox, browserVersion: 135.0.1, container:hostname: a6cbf506bbff, moz:accessibilityChecks: false, moz:buildID: 20250216192613, moz:geckodriverVersion: 0.35.0, moz:headless: false, moz:platformVersion: 5.15.167.4-microsoft-standa..., moz:processID: 185, moz:profile: /tmp/rust_mozprofileG1vZ7Q, moz:shutdownTimeout: 60000, moz:webdriverClick: true, moz:windowless: false, pageLoadStrategy: normal, platformName: linux, proxy: Proxy(), se:bidiEnabled: false, se:cdp: ws://172.21.0.3:4444/sessio..., se:containerName: a6cbf506bbff, se:noVncPort: 7900, se:vnc: ws://172.21.0.3:4444/sessio..., se:vncEnabled: true, se:vncLocalAddress: ws://172.21.0.3:7900, setWindowRect: true, strictFileInteractability: false, timeouts: {implicit: 0, pageLoad: 300000, script: 30000}, unhandledPromptBehavior: dismiss and notify, userAgent: Mozilla/5.0 (X11; Linux x86...}
Session ID: 88e90c84-2f17-4faf-8068-e99ea6cf57e7
	at com.qa.testcases.TS001.TS001_TC002(TS001.java:64)
</failure>
    <system-out><![CDATA[The thread ID for Firefox is 38
Date = 05_04_2025_14_45_02
]]></system-out>
  </testcase>
  <testcase name="TS001_TC002" classname="com.qa.testcases.TS001" time="32.202">
    <failure message="Unable to locate element: //*[@id=&apos;password-error&apos;]&#10;For documentation on this error, please visit: https://www.selenium.dev/documentation/webdriver/troubleshooting/errors#no-such-element-exception&#10;Build info: version: &apos;4.27.0&apos;, revision: &apos;d6e718d134&apos;&#10;System info: os.name: &apos;Windows 11&apos;, os.arch: &apos;amd64&apos;, os.version: &apos;10.0&apos;, java.version: &apos;23.0.1&apos;&#10;Driver info: org.openqa.selenium.remote.RemoteWebDriver&#10;Command: [88e90c84-2f17-4faf-8068-e99ea6cf57e7, findElement {using=xpath, value=//*[@id=&apos;password-error&apos;]}]&#10;Capabilities {acceptInsecureCerts: false, browserName: firefox, browserVersion: 135.0.1, container:hostname: a6cbf506bbff, moz:accessibilityChecks: false, moz:buildID: 20250216192613, moz:geckodriverVersion: 0.35.0, moz:headless: false, moz:platformVersion: 5.15.167.4-microsoft-standa..., moz:processID: 185, moz:profile: /tmp/rust_mozprofileG1vZ7Q, moz:shutdownTimeout: 60000, moz:webdriverClick: true, moz:windowless: false, pageLoadStrategy: normal, platformName: linux, proxy: Proxy(), se:bidiEnabled: false, se:cdp: ws://172.21.0.3:4444/sessio..., se:containerName: a6cbf506bbff, se:noVncPort: 7900, se:vnc: ws://172.21.0.3:4444/sessio..., se:vncEnabled: true, se:vncLocalAddress: ws://172.21.0.3:7900, setWindowRect: true, strictFileInteractability: false, timeouts: {implicit: 0, pageLoad: 300000, script: 30000}, unhandledPromptBehavior: dismiss and notify, userAgent: Mozilla/5.0 (X11; Linux x86...}&#10;Session ID: 88e90c84-2f17-4faf-8068-e99ea6cf57e7" type="org.openqa.selenium.NoSuchElementException">org.openqa.selenium.NoSuchElementException: 
Unable to locate element: //*[@id='password-error']
For documentation on this error, please visit: https://www.selenium.dev/documentation/webdriver/troubleshooting/errors#no-such-element-exception
Build info: version: '4.27.0', revision: 'd6e718d134'
System info: os.name: 'Windows 11', os.arch: 'amd64', os.version: '10.0', java.version: '23.0.1'
Driver info: org.openqa.selenium.remote.RemoteWebDriver
Command: [88e90c84-2f17-4faf-8068-e99ea6cf57e7, findElement {using=xpath, value=//*[@id='password-error']}]
Capabilities {acceptInsecureCerts: false, browserName: firefox, browserVersion: 135.0.1, container:hostname: a6cbf506bbff, moz:accessibilityChecks: false, moz:buildID: 20250216192613, moz:geckodriverVersion: 0.35.0, moz:headless: false, moz:platformVersion: 5.15.167.4-microsoft-standa..., moz:processID: 185, moz:profile: /tmp/rust_mozprofileG1vZ7Q, moz:shutdownTimeout: 60000, moz:webdriverClick: true, moz:windowless: false, pageLoadStrategy: normal, platformName: linux, proxy: Proxy(), se:bidiEnabled: false, se:cdp: ws://172.21.0.3:4444/sessio..., se:containerName: a6cbf506bbff, se:noVncPort: 7900, se:vnc: ws://172.21.0.3:4444/sessio..., se:vncEnabled: true, se:vncLocalAddress: ws://172.21.0.3:7900, setWindowRect: true, strictFileInteractability: false, timeouts: {implicit: 0, pageLoad: 300000, script: 30000}, unhandledPromptBehavior: dismiss and notify, userAgent: Mozilla/5.0 (X11; Linux x86...}
Session ID: 88e90c84-2f17-4faf-8068-e99ea6cf57e7
	at com.qa.testcases.TS001.TS001_TC002(TS001.java:72)
</failure>
    <system-out><![CDATA[The thread ID for Firefox is 38
Date = 05_04_2025_14_45_34
]]></system-out>
  </testcase>
  <testcase name="TS001_TC003" classname="com.qa.testcases.TS001" time="2.532"/>
  <testcase name="TS001_TC003" classname="com.qa.testcases.TS001" time="2.375"/>
  <testcase name="TS001_TC004" classname="com.qa.testcases.TS001" time="3.762"/>
  <testcase name="TS001_TC004" classname="com.qa.testcases.TS001" time="2.861"/>
  <testcase name="TS001_TC005" classname="com.qa.testcases.TS001" time="2.323"/>
  <testcase name="TS001_TC005" classname="com.qa.testcases.TS001" time="3.743"/>
  <testcase name="TS001_TC005" classname="com.qa.testcases.TS001" time="3.848"/>
  <testcase name="TS001_TC005" classname="com.qa.testcases.TS001" time="3.511"/>
  <testcase name="TS001_TC005" classname="com.qa.testcases.TS001" time="1.566"/>
  <testcase name="TS001_TC005" classname="com.qa.testcases.TS001" time="1.594"/>
  <testcase name="TS001_TC005" classname="com.qa.testcases.TS001" time="1.76"/>
  <testcase name="TS001_TC005" classname="com.qa.testcases.TS001" time="2.067"/>
</testsuite>